-------------------------------------------------------------------------------
Test set: cn.wangkf.client.CategoryClientTest
-------------------------------------------------------------------------------
Tests run: 1, Failures: 0, Errors: 1, Skipped: 0, Time elapsed: 0.265 s <<< FAILURE! - in cn.wangkf.client.CategoryClientTest
initializationError(cn.wangkf.client.CategoryClientTest)  Time elapsed: 0.008 s  <<< ERROR!
java.lang.Exception: No runnable methods

