<?xml version="1.0" encoding="UTF-8"?>
<testsuite xmlns:xsi="http://www.w3.org/2001/XMLSchema-instance" xsi:noNamespaceSchemaLocation="https://maven.apache.org/surefire/maven-surefire-plugin/xsd/surefire-test-report.xsd" name="cn.wangkf.client.ElasticsearchTest" time="14.76" tests="6" errors="3" skipped="0" failures="0">
  <properties>
[...]
</properties>
  <testcase name="testAgg" classname="cn.wangkf.client.ElasticsearchTest" time="0.179">
    <error message="None of the configured nodes are available: [{#transport#-1}{qACXgjZJRzCxqqPZYgVyKA}{192.168.248.128}{192.168.248.128:9300}]" type="org.elasticsearch.client.transport.NoNodeAvailableException">org.elasticsearch.client.transport.NoNodeAvailableException: None of the configured nodes are available: [{#transport#-1}{qACXgjZJRzCxqqPZYgVyKA}{192.168.248.128}{192.168.248.128:9300}]
	at cn.wangkf.client.ElasticsearchTest.testAgg(ElasticsearchTest.java:94)
</error>
    <system-out><![CDATA[18:21:15.672 [main] DEBUG org.springframework.test.context.junit4.SpringJUnit4ClassRunner - SpringJUnit4ClassRunner constructor called with [class cn.wangkf.client.ElasticsearchTest]
18:21:15.688 [main] DEBUG org.springframework.test.context.BootstrapUtils - Instantiating CacheAwareContextLoaderDelegate from class [org.springframework.test.context.cache.DefaultCacheAwareContextLoaderDelegate]
18:21:15.705 [main] DEBUG org.springframework.test.context.BootstrapUtils - Instantiating BootstrapContext using constructor [public org.springframework.test.context.support.DefaultBootstrapContext(java.lang.Class,org.springframework.test.context.CacheAwareContextLoaderDelegate)]
18:21:15.743 [main] DEBUG org.springframework.test.context.BootstrapUtils - Instantiating TestContextBootstrapper for test class [cn.wangkf.client.ElasticsearchTest] from class [org.springframework.boot.test.context.SpringBootTestContextBootstrapper]
18:21:15.757 [main] INFO org.springframework.boot.test.context.SpringBootTestContextBootstrapper - Neither @ContextConfiguration nor @ContextHierarchy found for test class [cn.wangkf.client.ElasticsearchTest], using SpringBootContextLoader
18:21:15.760 [main] DEBUG org.springframework.test.context.support.AbstractContextLoader - Did not detect default resource location for test class [cn.wangkf.client.ElasticsearchTest]: class path resource [cn/wangkf/client/ElasticsearchTest-context.xml] does not exist
18:21:15.761 [main] DEBUG org.springframework.test.context.support.AbstractContextLoader - Did not detect default resource location for test class [cn.wangkf.client.ElasticsearchTest]: class path resource [cn/wangkf/client/ElasticsearchTestContext.groovy] does not exist
18:21:15.761 [main] INFO org.springframework.test.context.support.AbstractContextLoader - Could not detect default resource locations for test class [cn.wangkf.client.ElasticsearchTest]: no resource found for suffixes {-context.xml, Context.groovy}.
18:21:15.811 [main] DEBUG org.springframework.test.context.support.ActiveProfilesUtils - Could not find an 'annotation declaring class' for annotation type [org.springframework.test.context.ActiveProfiles] and class [cn.wangkf.client.ElasticsearchTest]
18:21:16.047 [main] DEBUG org.springframework.boot.test.context.SpringBootTestContextBootstrapper - @TestExecutionListeners is not present for class [cn.wangkf.client.ElasticsearchTest]: using defaults.
18:21:16.048 [main] INFO org.springframework.boot.test.context.SpringBootTestContextBootstrapper - Loaded default TestExecutionListener class names from location [META-INF/spring.factories]: [org.springframework.boot.test.mock.mockito.MockitoTestExecutionListener, org.springframework.boot.test.mock.mockito.ResetMocksTestExecutionListener, org.springframework.boot.test.autoconfigure.restdocs.RestDocsTestExecutionListener, org.springframework.boot.test.autoconfigure.web.client.MockRestServiceServerResetTestExecutionListener, org.springframework.boot.test.autoconfigure.web.servlet.MockMvcPrintOnlyOnFailureTestExecutionListener, org.springframework.boot.test.autoconfigure.web.servlet.WebDriverTestExecutionListener, org.springframework.test.context.web.ServletTestExecutionListener, org.springframework.test.context.support.DirtiesContextBeforeModesTestExecutionListener, org.springframework.test.context.support.DependencyInjectionTestExecutionListener, org.springframework.test.context.support.DirtiesContextTestExecutionListener, org.springframework.test.context.transaction.TransactionalTestExecutionListener, org.springframework.test.context.jdbc.SqlScriptsTestExecutionListener]
18:21:16.067 [main] INFO org.springframework.boot.test.context.SpringBootTestContextBootstrapper - Using TestExecutionListeners: [org.springframework.test.context.web.ServletTestExecutionListener@7671cb68, org.springframework.test.context.support.DirtiesContextBeforeModesTestExecutionListener@49dc7102, org.springframework.boot.test.mock.mockito.MockitoTestExecutionListener@6b8ca3c8, org.springframework.boot.test.autoconfigure.SpringBootDependencyInjectionTestExecutionListener@68c72235, org.springframework.test.context.support.DirtiesContextTestExecutionListener@10959ece, org.springframework.test.context.transaction.TransactionalTestExecutionListener@3a6bb9bf, org.springframework.test.context.jdbc.SqlScriptsTestExecutionListener@34f7cfd9, org.springframework.boot.test.mock.mockito.ResetMocksTestExecutionListener@65f095f8, org.springframework.boot.test.autoconfigure.restdocs.RestDocsTestExecutionListener@59af0466, org.springframework.boot.test.autoconfigure.web.client.MockRestServiceServerResetTestExecutionListener@3e6ef8ad, org.springframework.boot.test.autoconfigure.web.servlet.MockMvcPrintOnlyOnFailureTestExecutionListener@346d61be, org.springframework.boot.test.autoconfigure.web.servlet.WebDriverTestExecutionListener@55536d9e]
18:21:16.069 [main] DEBUG org.springframework.test.annotation.ProfileValueUtils - Retrieved @ProfileValueSourceConfiguration [null] for test class [cn.wangkf.client.ElasticsearchTest]
18:21:16.070 [main] DEBUG org.springframework.test.annotation.ProfileValueUtils - Retrieved ProfileValueSource type [class org.springframework.test.annotation.SystemProfileValueSource] for class [cn.wangkf.client.ElasticsearchTest]
18:21:16.071 [main] DEBUG org.springframework.test.annotation.ProfileValueUtils - Retrieved @ProfileValueSourceConfiguration [null] for test class [cn.wangkf.client.ElasticsearchTest]
18:21:16.071 [main] DEBUG org.springframework.test.annotation.ProfileValueUtils - Retrieved ProfileValueSource type [class org.springframework.test.annotation.SystemProfileValueSource] for class [cn.wangkf.client.ElasticsearchTest]
18:21:16.074 [main] DEBUG org.springframework.test.annotation.ProfileValueUtils - Retrieved @ProfileValueSourceConfiguration [null] for test class [cn.wangkf.client.ElasticsearchTest]
18:21:16.075 [main] DEBUG org.springframework.test.annotation.ProfileValueUtils - Retrieved ProfileValueSource type [class org.springframework.test.annotation.SystemProfileValueSource] for class [cn.wangkf.client.ElasticsearchTest]
18:21:16.082 [main] DEBUG org.springframework.test.context.support.AbstractDirtiesContextTestExecutionListener - Before test class: context [DefaultTestContext@41fecb8b testClass = ElasticsearchTest, testInstance = [null], testMethod = [null], testException = [null], mergedContextConfiguration = [WebMergedContextConfiguration@120f102b testClass = ElasticsearchTest, locations = '{}', classes = '{class cn.wangkf.LgSearchService, class cn.wangkf.LgSearchService}', contextInitializerClasses = '[]', activeProfiles = '{}', propertySourceLocations = '{}', propertySourceProperties = '{org.springframework.boot.test.context.SpringBootTestContextBootstrapper=true}', contextCustomizers = set[org.springframework.boot.test.context.filter.ExcludeFilterContextCustomizer@3ec300f1, org.springframework.boot.test.json.DuplicateJsonObjectContextCustomizerFactory$DuplicateJsonObjectContextCustomizer@7d68ef40, org.springframework.boot.test.mock.mockito.MockitoContextCustomizer@0, org.springframework.boot.test.web.client.TestRestTemplateContextCustomizer@14ec4505, org.springframework.boot.test.autoconfigure.properties.PropertyMappingContextCustomizer@0, org.springframework.boot.test.autoconfigure.web.servlet.WebDriverContextCustomizerFactory$Customizer@3b2cf7ab], resourceBasePath = 'src/main/webapp', contextLoader = 'org.springframework.boot.test.context.SpringBootContextLoader', parent = [null]], attributes = map['org.springframework.test.context.web.ServletTestExecutionListener.activateListener' -> true]], class annotated with @DirtiesContext [false] with mode [null].
18:21:16.084 [main] DEBUG org.springframework.test.annotation.ProfileValueUtils - Retrieved @ProfileValueSourceConfiguration [null] for test class [cn.wangkf.client.ElasticsearchTest]
18:21:16.084 [main] DEBUG org.springframework.test.annotation.ProfileValueUtils - Retrieved ProfileValueSource type [class org.springframework.test.annotation.SystemProfileValueSource] for class [cn.wangkf.client.ElasticsearchTest]
18:21:16.130 [main] DEBUG org.springframework.core.env.StandardEnvironment - Adding PropertySource 'systemProperties' with lowest search precedence
18:21:16.130 [main] DEBUG org.springframework.core.env.StandardEnvironment - Adding PropertySource 'systemEnvironment' with lowest search precedence
18:21:16.131 [main] DEBUG org.springframework.core.env.StandardEnvironment - Initialized StandardEnvironment with PropertySources [MapPropertySource@379478400 {name='systemProperties', properties={idea.version=2016.1.3, java.runtime.name=Java(TM) SE Runtime Environment, sun.boot.library.path=D:\jdk\jdk1.8\jre\bin, java.vm.version=25.191-b12, java.vm.vendor=Oracle Corporation, java.vendor.url=http://java.oracle.com/, path.separator=;, java.vm.name=Java HotSpot(TM) 64-Bit Server VM, file.encoding.pkg=sun.io, user.country=CN, user.script=, sun.java.launcher=SUN_STANDARD, sun.os.patch.level=, java.vm.specification.name=Java Virtual Machine Specification, user.dir=E:\myproject\legou\legou-master\legou-search, java.runtime.version=1.8.0_191-b12, basedir=E:\myproject\legou\legou-master\legou-search, java.awt.graphicsenv=sun.awt.Win32GraphicsEnvironment, java.endorsed.dirs=D:\jdk\jdk1.8\jre\lib\endorsed, os.arch=amd64, surefire.real.class.path=C:\Users\wangk\AppData\Local\Temp\surefire7592999660706646784\surefirebooter1537269134038626286.jar, java.io.tmpdir=C:\Users\wangk\AppData\Local\Temp\, line.separator=
, java.vm.specification.vendor=Oracle Corporation, user.variant=, os.name=Windows 10, sun.jnu.encoding=GBK, java.library.path=D:\jdk\jdk1.8\jre\bin;C:\WINDOWS\Sun\Java\bin;C:\WINDOWS\system32;C:\WINDOWS;D:\xshell\installfile\;C:\Program Files\Java\jdk1.8.0_191\bin;C:\Program Files (x86)\Common Files\Oracle\Java\javapath;C:\WINDOWS\system32;C:\WINDOWS;C:\WINDOWS\System32\Wbem;C:\WINDOWS\System32\WindowsPowerShell\v1.0\;C:\Program Files\Intel\WiFi\bin\;C:\Program Files\Common Files\Intel\WirelessCommon\;C:\WINDOWS\System32\OpenSSH\;D:\apache-maven-3.6.0\bin;D:\mysql\mysql-5.6.42-winx64\bin;D:\git\installfile\Git\cmd;D:\node\installfile\;C:\Users\wangk\AppData\Local\Microsoft\WindowsApps;C:\Users\wangk\AppData\Roaming\npm;., surefire.test.class.path=E:\myproject\legou\legou-master\legou-search\target\test-classes;E:\myproject\legou\legou-master\legou-search\target\classes;D:\my_maven_local_repository\org\springframework\boot\spring-boot-starter-web\2.0.4.RELEASE\spring-boot-starter-web-2.0.4.RELEASE.jar;D:\my_maven_local_repository\org\springframework\boot\spring-boot-starter\2.0.4.RELEASE\spring-boot-starter-2.0.4.RELEASE.jar;D:\my_maven_local_repository\org\springframework\boot\spring-boot\2.0.4.RELEASE\spring-boot-2.0.4.RELEASE.jar;D:\my_maven_local_repository\org\springframework\boot\spring-boot-autoconfigure\2.0.4.RELEASE\spring-boot-autoconfigure-2.0.4.RELEASE.jar;D:\my_maven_local_repository\org\springframework\boot\spring-boot-starter-logging\2.0.4.RELEASE\spring-boot-starter-logging-2.0.4.RELEASE.jar;D:\my_maven_local_repository\ch\qos\logback\logback-classic\1.2.3\logback-classic-1.2.3.jar;D:\my_maven_local_repository\ch\qos\logback\logback-core\1.2.3\logback-core-1.2.3.jar;D:\my_maven_local_repository\org\apache\logging\log4j\log4j-to-slf4j\2.10.0\log4j-to-slf4j-2.10.0.jar;D:\my_maven_local_repository\org\slf4j\jul-to-slf4j\1.7.25\jul-to-slf4j-1.7.25.jar;D:\my_maven_local_repository\javax\annotation\javax.annotation-api\1.3.2\javax.annotation-api-1.3.2.jar;D:\my_maven_local_repository\org\yaml\snakeyaml\1.19\snakeyaml-1.19.jar;D:\my_maven_local_repository\org\springframework\boot\spring-boot-starter-json\2.0.4.RELEASE\spring-boot-starter-json-2.0.4.RELEASE.jar;D:\my_maven_local_repository\com\fasterxml\jackson\core\jackson-databind\2.9.7\jackson-databind-2.9.7.jar;D:\my_maven_local_repository\com\fasterxml\jackson\datatype\jackson-datatype-jdk8\2.9.7\jackson-datatype-jdk8-2.9.7.jar;D:\my_maven_local_repository\com\fasterxml\jackson\datatype\jackson-datatype-jsr310\2.9.7\jackson-datatype-jsr310-2.9.7.jar;D:\my_maven_local_repository\com\fasterxml\jackson\module\jackson-module-parameter-names\2.9.7\jackson-module-parameter-names-2.9.7.jar;D:\my_maven_local_repository\org\springframework\boot\spring-boot-starter-tomcat\2.0.4.RELEASE\spring-boot-starter-tomcat-2.0.4.RELEASE.jar;D:\my_maven_local_repository\org\apache\tomcat\embed\tomcat-embed-core\8.5.32\tomcat-embed-core-8.5.32.jar;D:\my_maven_local_repository\org\apache\tomcat\embed\tomcat-embed-el\8.5.32\tomcat-embed-el-8.5.32.jar;D:\my_maven_local_repository\org\apache\tomcat\embed\tomcat-embed-websocket\8.5.32\tomcat-embed-websocket-8.5.32.jar;D:\my_maven_local_repository\org\hibernate\validator\hibernate-validator\6.0.11.Final\hibernate-validator-6.0.11.Final.jar;D:\my_maven_local_repository\javax\validation\validation-api\2.0.1.Final\validation-api-2.0.1.Final.jar;D:\my_maven_local_repository\org\jboss\logging\jboss-logging\3.3.2.Final\jboss-logging-3.3.2.Final.jar;D:\my_maven_local_repository\com\fasterxml\classmate\1.3.4\classmate-1.3.4.jar;D:\my_maven_local_repository\org\springframework\spring-web\5.0.8.RELEASE\spring-web-5.0.8.RELEASE.jar;D:\my_maven_local_repository\org\springframework\spring-beans\5.0.8.RELEASE\spring-beans-5.0.8.RELEASE.jar;D:\my_maven_local_repository\org\springframework\spring-webmvc\5.0.6.RELEASE\spring-webmvc-5.0.6.RELEASE.jar;D:\my_maven_local_repository\org\springframework\spring-aop\5.0.8.RELEASE\spring-aop-5.0.8.RELEASE.jar;D:\my_maven_local_repository\org\springframework\spring-context\5.0.8.RELEASE\spring-context-5.0.8.RELEASE.jar;D:\my_maven_local_repository\org\springframework\spring-expression\5.0.8.RELEASE\spring-expression-5.0.8.RELEASE.jar;D:\my_maven_local_repository\org\springframework\cloud\spring-cloud-starter-netflix-eureka-client\2.0.0.RELEASE\spring-cloud-starter-netflix-eureka-client-2.0.0.RELEASE.jar;D:\my_maven_local_repository\org\springframework\cloud\spring-cloud-starter\2.0.0.RELEASE\spring-cloud-starter-2.0.0.RELEASE.jar;D:\my_maven_local_repository\org\springframework\cloud\spring-cloud-context\2.0.0.RELEASE\spring-cloud-context-2.0.0.RELEASE.jar;D:\my_maven_local_repository\org\springframework\security\spring-security-rsa\1.0.5.RELEASE\spring-security-rsa-1.0.5.RELEASE.jar;D:\my_maven_local_repository\org\bouncycastle\bcpkix-jdk15on\1.56\bcpkix-jdk15on-1.56.jar;D:\my_maven_local_repository\org\bouncycastle\bcprov-jdk15on\1.56\bcprov-jdk15on-1.56.jar;D:\my_maven_local_repository\org\springframework\cloud\spring-cloud-netflix-core\2.0.0.RELEASE\spring-cloud-netflix-core-2.0.0.RELEASE.jar;D:\my_maven_local_repository\org\springframework\boot\spring-boot-starter-aop\2.0.4.RELEASE\spring-boot-starter-aop-2.0.4.RELEASE.jar;D:\my_maven_local_repository\org\aspectj\aspectjweaver\1.8.13\aspectjweaver-1.8.13.jar;D:\my_maven_local_repository\org\springframework\cloud\spring-cloud-netflix-eureka-client\2.0.0.RELEASE\spring-cloud-netflix-eureka-client-2.0.0.RELEASE.jar;D:\my_maven_local_repository\com\netflix\eureka\eureka-client\1.9.2\eureka-client-1.9.2.jar;D:\my_maven_local_repository\org\codehaus\jettison\jettison\1.3.7\jettison-1.3.7.jar;D:\my_maven_local_repository\stax\stax-api\1.0.1\stax-api-1.0.1.jar;D:\my_maven_local_repository\com\netflix\netflix-commons\netflix-eventbus\0.3.0\netflix-eventbus-0.3.0.jar;D:\my_maven_local_repository\com\netflix\netflix-commons\netflix-infix\0.3.0\netflix-infix-0.3.0.jar;D:\my_maven_local_repository\commons-jxpath\commons-jxpath\1.3\commons-jxpath-1.3.jar;D:\my_maven_local_repository\org\antlr\antlr-runtime\3.4\antlr-runtime-3.4.jar;D:\my_maven_local_repository\org\antlr\stringtemplate\3.2.1\stringtemplate-3.2.1.jar;D:\my_maven_local_repository\antlr\antlr\2.7.7\antlr-2.7.7.jar;D:\my_maven_local_repository\com\google\code\gson\gson\2.8.5\gson-2.8.5.jar;D:\my_maven_local_repository\org\apache\commons\commons-math\2.2\commons-math-2.2.jar;D:\my_maven_local_repository\com\netflix\archaius\archaius-core\0.7.6\archaius-core-0.7.6.jar;D:\my_maven_local_repository\com\google\guava\guava\16.0\guava-16.0.jar;D:\my_maven_local_repository\javax\ws\rs\jsr311-api\1.1.1\jsr311-api-1.1.1.jar;D:\my_maven_local_repository\com\netflix\servo\servo-core\0.12.21\servo-core-0.12.21.jar;D:\my_maven_local_repository\com\sun\jersey\jersey-core\1.19.1\jersey-core-1.19.1.jar;D:\my_maven_local_repository\com\sun\jersey\jersey-client\1.19.1\jersey-client-1.19.1.jar;D:\my_maven_local_repository\com\sun\jersey\contribs\jersey-apache-client4\1.19.1\jersey-apache-client4-1.19.1.jar;D:\my_maven_local_repository\org\apache\httpcomponents\httpclient\4.5.6\httpclient-4.5.6.jar;D:\my_maven_local_repository\org\apache\httpcomponents\httpcore\4.4.10\httpcore-4.4.10.jar;D:\my_maven_local_repository\commons-codec\commons-codec\1.11\commons-codec-1.11.jar;D:\my_maven_local_repository\com\google\inject\guice\4.1.0\guice-4.1.0.jar;D:\my_maven_local_repository\javax\inject\javax.inject\1\javax.inject-1.jar;D:\my_maven_local_repository\aopalliance\aopalliance\1.0\aopalliance-1.0.jar;D:\my_maven_local_repository\com\github\vlsi\compactmap\compactmap\1.2.1\compactmap-1.2.1.jar;D:\my_maven_local_repository\com\github\andrewoma\dexx\dexx-collections\0.2\dexx-collections-0.2.jar;D:\my_maven_local_repository\com\fasterxml\jackson\core\jackson-annotations\2.9.7\jackson-annotations-2.9.7.jar;D:\my_maven_local_repository\com\fasterxml\jackson\core\jackson-core\2.9.7\jackson-core-2.9.7.jar;D:\my_maven_local_repository\com\netflix\eureka\eureka-core\1.9.2\eureka-core-1.9.2.jar;D:\my_maven_local_repository\org\codehaus\woodstox\woodstox-core-asl\4.4.1\woodstox-core-asl-4.4.1.jar;D:\my_maven_local_repository\javax\xml\stream\stax-api\1.0-2\stax-api-1.0-2.jar;D:\my_maven_local_repository\org\codehaus\woodstox\stax2-api\3.1.4\stax2-api-3.1.4.jar;D:\my_maven_local_repository\org\springframework\cloud\spring-cloud-starter-netflix-archaius\2.0.0.RELEASE\spring-cloud-starter-netflix-archaius-2.0.0.RELEASE.jar;D:\my_maven_local_repository\org\springframework\cloud\spring-cloud-netflix-ribbon\2.0.0.RELEASE\spring-cloud-netflix-ribbon-2.0.0.RELEASE.jar;D:\my_maven_local_repository\org\springframework\cloud\spring-cloud-netflix-archaius\2.0.0.RELEASE\spring-cloud-netflix-archaius-2.0.0.RELEASE.jar;D:\my_maven_local_repository\commons-configuration\commons-configuration\1.8\commons-configuration-1.8.jar;D:\my_maven_local_repository\commons-lang\commons-lang\2.6\commons-lang-2.6.jar;D:\my_maven_local_repository\org\springframework\cloud\spring-cloud-starter-netflix-ribbon\2.0.0.RELEASE\spring-cloud-starter-netflix-ribbon-2.0.0.RELEASE.jar;D:\my_maven_local_repository\com\netflix\ribbon\ribbon\2.2.5\ribbon-2.2.5.jar;D:\my_maven_local_repository\com\netflix\ribbon\ribbon-transport\2.2.5\ribbon-transport-2.2.5.jar;D:\my_maven_local_repository\io\reactivex\rxnetty-contexts\0.4.9\rxnetty-contexts-0.4.9.jar;D:\my_maven_local_repository\io\reactivex\rxnetty-servo\0.4.9\rxnetty-servo-0.4.9.jar;D:\my_maven_local_repository\io\reactivex\rxnetty\0.4.9\rxnetty-0.4.9.jar;D:\my_maven_local_repository\io\netty\netty-transport-native-epoll\4.1.27.Final\netty-transport-native-epoll-4.1.27.Final.jar;D:\my_maven_local_repository\io\netty\netty-transport-native-unix-common\4.1.27.Final\netty-transport-native-unix-common-4.1.27.Final.jar;D:\my_maven_local_repository\com\netflix\ribbon\ribbon-core\2.2.5\ribbon-core-2.2.5.jar;D:\my_maven_local_repository\com\netflix\ribbon\ribbon-httpclient\2.2.5\ribbon-httpclient-2.2.5.jar;D:\my_maven_local_repository\commons-collections\commons-collections\3.2.2\commons-collections-3.2.2.jar;D:\my_maven_local_repository\com\netflix\netflix-commons\netflix-commons-util\0.3.0\netflix-commons-util-0.3.0.jar;D:\my_maven_local_repository\com\netflix\ribbon\ribbon-loadbalancer\2.2.5\ribbon-loadbalancer-2.2.5.jar;D:\my_maven_local_repository\com\netflix\netflix-commons\netflix-statistics\0.1.1\netflix-statistics-0.1.1.jar;D:\my_maven_local_repository\io\reactivex\rxjava\1.3.8\rxjava-1.3.8.jar;D:\my_maven_local_repository\com\netflix\ribbon\ribbon-eureka\2.2.5\ribbon-eureka-2.2.5.jar;D:\my_maven_local_repository\org\slf4j\slf4j-api\1.7.25\slf4j-api-1.7.25.jar;D:\my_maven_local_repository\com\thoughtworks\xstream\xstream\1.4.10\xstream-1.4.10.jar;D:\my_maven_local_repository\xmlpull\xmlpull\1.1.3.1\xmlpull-1.1.3.1.jar;D:\my_maven_local_repository\xpp3\xpp3_min\1.1.4c\xpp3_min-1.1.4c.jar;D:\my_maven_local_repository\org\springframework\cloud\spring-cloud-starter-openfeign\2.0.0.RELEASE\spring-cloud-starter-openfeign-2.0.0.RELEASE.jar;D:\my_maven_local_repository\org\springframework\cloud\spring-cloud-openfeign-core\2.0.0.RELEASE\spring-cloud-openfeign-core-2.0.0.RELEASE.jar;D:\my_maven_local_repository\org\springframework\cloud\spring-cloud-commons\2.0.0.RELEASE\spring-cloud-commons-2.0.0.RELEASE.jar;D:\my_maven_local_repository\org\springframework\security\spring-security-crypto\5.1.0.RELEASE\spring-security-crypto-5.1.0.RELEASE.jar;D:\my_maven_local_repository\io\github\openfeign\feign-core\9.5.1\feign-core-9.5.1.jar;D:\my_maven_local_repository\io\github\openfeign\feign-slf4j\9.5.1\feign-slf4j-9.5.1.jar;D:\my_maven_local_repository\io\github\openfeign\feign-hystrix\9.5.1\feign-hystrix-9.5.1.jar;D:\my_maven_local_repository\com\netflix\hystrix\hystrix-core\1.5.12\hystrix-core-1.5.12.jar;D:\my_maven_local_repository\org\hdrhistogram\HdrHistogram\2.1.9\HdrHistogram-2.1.9.jar;D:\my_maven_local_repository\io\github\openfeign\feign-java8\9.5.1\feign-java8-9.5.1.jar;D:\my_maven_local_repository\org\springframework\boot\spring-boot-starter-amqp\2.1.0.M4\spring-boot-starter-amqp-2.1.0.M4.jar;D:\my_maven_local_repository\org\springframework\spring-messaging\5.0.8.RELEASE\spring-messaging-5.0.8.RELEASE.jar;D:\my_maven_local_repository\org\springframework\amqp\spring-rabbit\2.0.5.RELEASE\spring-rabbit-2.0.5.RELEASE.jar;D:\my_maven_local_repository\org\springframework\amqp\spring-amqp\2.0.5.RELEASE\spring-amqp-2.0.5.RELEASE.jar;D:\my_maven_local_repository\com\rabbitmq\amqp-client\5.1.2\amqp-client-5.1.2.jar;D:\my_maven_local_repository\org\springframework\spring-tx\5.0.8.RELEASE\spring-tx-5.0.8.RELEASE.jar;D:\my_maven_local_repository\org\springframework\retry\spring-retry\1.2.2.RELEASE\spring-retry-1.2.2.RELEASE.jar;D:\my_maven_local_repository\org\springframework\boot\spring-boot-starter-data-elasticsearch\2.0.4.RELEASE\spring-boot-starter-data-elasticsearch-2.0.4.RELEASE.jar;D:\my_maven_local_repository\org\springframework\data\spring-data-elasticsearch\3.0.9.RELEASE\spring-data-elasticsearch-3.0.9.RELEASE.jar;D:\my_maven_local_repository\org\springframework\data\spring-data-commons\2.0.9.RELEASE\spring-data-commons-2.0.9.RELEASE.jar;D:\my_maven_local_repository\joda-time\joda-time\2.9.9\joda-time-2.9.9.jar;D:\my_maven_local_repository\org\elasticsearch\client\transport\5.6.10\transport-5.6.10.jar;D:\my_maven_local_repository\org\elasticsearch\elasticsearch\5.6.10\elasticsearch-5.6.10.jar;D:\my_maven_local_repository\org\apache\lucene\lucene-core\6.6.1\lucene-core-6.6.1.jar;D:\my_maven_local_repository\org\apache\lucene\lucene-analyzers-common\6.6.1\lucene-analyzers-common-6.6.1.jar;D:\my_maven_local_repository\org\apache\lucene\lucene-backward-codecs\6.6.1\lucene-backward-codecs-6.6.1.jar;D:\my_maven_local_repository\org\apache\lucene\lucene-grouping\6.6.1\lucene-grouping-6.6.1.jar;D:\my_maven_local_repository\org\apache\lucene\lucene-highlighter\6.6.1\lucene-highlighter-6.6.1.jar;D:\my_maven_local_repository\org\apache\lucene\lucene-join\6.6.1\lucene-join-6.6.1.jar;D:\my_maven_local_repository\org\apache\lucene\lucene-memory\6.6.1\lucene-memory-6.6.1.jar;D:\my_maven_local_repository\org\apache\lucene\lucene-misc\6.6.1\lucene-misc-6.6.1.jar;D:\my_maven_local_repository\org\apache\lucene\lucene-queries\6.6.1\lucene-queries-6.6.1.jar;D:\my_maven_local_repository\org\apache\lucene\lucene-queryparser\6.6.1\lucene-queryparser-6.6.1.jar;D:\my_maven_local_repository\org\apache\lucene\lucene-sandbox\6.6.1\lucene-sandbox-6.6.1.jar;D:\my_maven_local_repository\org\apache\lucene\lucene-spatial\6.6.1\lucene-spatial-6.6.1.jar;D:\my_maven_local_repository\org\apache\lucene\lucene-spatial-extras\6.6.1\lucene-spatial-extras-6.6.1.jar;D:\my_maven_local_repository\org\apache\lucene\lucene-spatial3d\6.6.1\lucene-spatial3d-6.6.1.jar;D:\my_maven_local_repository\org\apache\lucene\lucene-suggest\6.6.1\lucene-suggest-6.6.1.jar;D:\my_maven_local_repository\org\elasticsearch\securesm\1.2\securesm-1.2.jar;D:\my_maven_local_repository\net\sf\jopt-simple\jopt-simple\5.0.2\jopt-simple-5.0.2.jar;D:\my_maven_local_repository\com\carrotsearch\hppc\0.7.1\hppc-0.7.1.jar;D:\my_maven_local_repository\com\fasterxml\jackson\dataformat\jackson-dataformat-smile\2.9.7\jackson-dataformat-smile-2.9.7.jar;D:\my_maven_local_repository\com\fasterxml\jackson\dataformat\jackson-dataformat-yaml\2.9.7\jackson-dataformat-yaml-2.9.7.jar;D:\my_maven_local_repository\com\fasterxml\jackson\dataformat\jackson-dataformat-cbor\2.9.7\jackson-dataformat-cbor-2.9.7.jar;D:\my_maven_local_repository\com\tdunning\t-digest\3.0\t-digest-3.0.jar;D:\my_maven_local_repository\org\elasticsearch\plugin\reindex-client\5.6.10\reindex-client-5.6.10.jar;D:\my_maven_local_repository\org\elasticsearch\client\elasticsearch-rest-client\5.6.10\elasticsearch-rest-client-5.6.10.jar;D:\my_maven_local_repository\org\apache\httpcomponents\httpasyncclient\4.1.3\httpasyncclient-4.1.3.jar;D:\my_maven_local_repository\org\apache\httpcomponents\httpcore-nio\4.4.10\httpcore-nio-4.4.10.jar;D:\my_maven_local_repository\org\elasticsearch\plugin\lang-mustache-client\5.6.10\lang-mustache-client-5.6.10.jar;D:\my_maven_local_repository\com\github\spullara\mustache\java\compiler\0.9.3\compiler-0.9.3.jar;D:\my_maven_local_repository\org\elasticsearch\plugin\percolator-client\5.6.10\percolator-client-5.6.10.jar;D:\my_maven_local_repository\org\elasticsearch\plugin\parent-join-client\5.6.10\parent-join-client-5.6.10.jar;D:\my_maven_local_repository\org\elasticsearch\plugin\transport-netty4-client\5.6.10\transport-netty4-client-5.6.10.jar;D:\my_maven_local_repository\io\netty\netty-buffer\4.1.27.Final\netty-buffer-4.1.27.Final.jar;D:\my_maven_local_repository\io\netty\netty-codec\4.1.27.Final\netty-codec-4.1.27.Final.jar;D:\my_maven_local_repository\io\netty\netty-codec-http\4.1.27.Final\netty-codec-http-4.1.27.Final.jar;D:\my_maven_local_repository\io\netty\netty-common\4.1.27.Final\netty-common-4.1.27.Final.jar;D:\my_maven_local_repository\io\netty\netty-handler\4.1.27.Final\netty-handler-4.1.27.Final.jar;D:\my_maven_local_repository\io\netty\netty-resolver\4.1.27.Final\netty-resolver-4.1.27.Final.jar;D:\my_maven_local_repository\io\netty\netty-transport\4.1.27.Final\netty-transport-4.1.27.Final.jar;D:\my_maven_local_repository\org\locationtech\spatial4j\spatial4j\0.6\spatial4j-0.6.jar;D:\my_maven_local_repository\com\vividsolutions\jts\1.13\jts-1.13.jar;D:\my_maven_local_repository\org\apache\logging\log4j\log4j-api\2.10.0\log4j-api-2.10.0.jar;D:\my_maven_local_repository\org\elasticsearch\jna\4.4.0-1\jna-4.4.0-1.jar;D:\my_maven_local_repository\org\springframework\boot\spring-boot-starter-test\2.0.4.RELEASE\spring-boot-starter-test-2.0.4.RELEASE.jar;D:\my_maven_local_repository\org\springframework\boot\spring-boot-test\2.0.4.RELEASE\spring-boot-test-2.0.4.RELEASE.jar;D:\my_maven_local_repository\org\springframework\boot\spring-boot-test-autoconfigure\2.0.4.RELEASE\spring-boot-test-autoconfigure-2.0.4.RELEASE.jar;D:\my_maven_local_repository\com\jayway\jsonpath\json-path\2.4.0\json-path-2.4.0.jar;D:\my_maven_local_repository\net\minidev\json-smart\2.3\json-smart-2.3.jar;D:\my_maven_local_repository\net\minidev\accessors-smart\1.2\accessors-smart-1.2.jar;D:\my_maven_local_repository\org\ow2\asm\asm\5.0.4\asm-5.0.4.jar;D:\my_maven_local_repository\junit\junit\4.12\junit-4.12.jar;D:\my_maven_local_repository\org\assertj\assertj-core\3.9.1\assertj-core-3.9.1.jar;D:\my_maven_local_repository\org\mockito\mockito-core\2.15.0\mockito-core-2.15.0.jar;D:\my_maven_local_repository\net\bytebuddy\byte-buddy\1.7.11\byte-buddy-1.7.11.jar;D:\my_maven_local_repository\net\bytebuddy\byte-buddy-agent\1.7.11\byte-buddy-agent-1.7.11.jar;D:\my_maven_local_repository\org\objenesis\objenesis\2.6\objenesis-2.6.jar;D:\my_maven_local_repository\org\hamcrest\hamcrest-core\1.3\hamcrest-core-1.3.jar;D:\my_maven_local_repository\org\hamcrest\hamcrest-library\1.3\hamcrest-library-1.3.jar;D:\my_maven_local_repository\org\skyscreamer\jsonassert\1.5.0\jsonassert-1.5.0.jar;D:\my_maven_local_repository\com\vaadin\external\google\android-json\0.0.20131108.vaadin1\android-json-0.0.20131108.vaadin1.jar;D:\my_maven_local_repository\org\springframework\spring-core\5.0.8.RELEASE\spring-core-5.0.8.RELEASE.jar;D:\my_maven_local_repository\org\springframework\spring-jcl\5.0.8.RELEASE\spring-jcl-5.0.8.RELEASE.jar;D:\my_maven_local_repository\org\springframework\spring-test\5.0.8.RELEASE\spring-test-5.0.8.RELEASE.jar;D:\my_maven_local_repository\org\xmlunit\xmlunit-core\2.5.1\xmlunit-core-2.5.1.jar;D:\my_maven_local_repository\org\projectlombok\lombok\1.16.20\lombok-1.16.20.jar;E:\myproject\legou\legou-master\legou-item\legou-item-interface\target\legou-item-interface-1.0-SNAPSHOT.jar;D:\my_maven_local_repository\javax\persistence\persistence-api\1.0\persistence-api-1.0.jar;E:\myproject\legou\legou-master\legou-common\target\legou-common-1.0-SNAPSHOT.jar;D:\my_maven_local_repository\org\apache\commons\commons-lang3\3.7\commons-lang3-3.7.jar;, java.specification.name=Java Platform API Specification, java.class.version=52.0, sun.management.compiler=HotSpot 64-Bit Tiered Compilers, os.version=10.0, user.home=C:\Users\wangk, user.timezone=Asia/Shanghai, java.awt.printerjob=sun.awt.windows.WPrinterJob, file.encoding=GBK, java.specification.version=1.8, java.class.path=E:\myproject\legou\legou-master\legou-search\target\test-classes;E:\myproject\legou\legou-master\legou-search\target\classes;D:\my_maven_local_repository\org\springframework\boot\spring-boot-starter-web\2.0.4.RELEASE\spring-boot-starter-web-2.0.4.RELEASE.jar;D:\my_maven_local_repository\org\springframework\boot\spring-boot-starter\2.0.4.RELEASE\spring-boot-starter-2.0.4.RELEASE.jar;D:\my_maven_local_repository\org\springframework\boot\spring-boot\2.0.4.RELEASE\spring-boot-2.0.4.RELEASE.jar;D:\my_maven_local_repository\org\springframework\boot\spring-boot-autoconfigure\2.0.4.RELEASE\spring-boot-autoconfigure-2.0.4.RELEASE.jar;D:\my_maven_local_repository\org\springframework\boot\spring-boot-starter-logging\2.0.4.RELEASE\spring-boot-starter-logging-2.0.4.RELEASE.jar;D:\my_maven_local_repository\ch\qos\logback\logback-classic\1.2.3\logback-classic-1.2.3.jar;D:\my_maven_local_repository\ch\qos\logback\logback-core\1.2.3\logback-core-1.2.3.jar;D:\my_maven_local_repository\org\apache\logging\log4j\log4j-to-slf4j\2.10.0\log4j-to-slf4j-2.10.0.jar;D:\my_maven_local_repository\org\slf4j\jul-to-slf4j\1.7.25\jul-to-slf4j-1.7.25.jar;D:\my_maven_local_repository\javax\annotation\javax.annotation-api\1.3.2\javax.annotation-api-1.3.2.jar;D:\my_maven_local_repository\org\yaml\snakeyaml\1.19\snakeyaml-1.19.jar;D:\my_maven_local_repository\org\springframework\boot\spring-boot-starter-json\2.0.4.RELEASE\spring-boot-starter-json-2.0.4.RELEASE.jar;D:\my_maven_local_repository\com\fasterxml\jackson\core\jackson-databind\2.9.7\jackson-databind-2.9.7.jar;D:\my_maven_local_repository\com\fasterxml\jackson\datatype\jackson-datatype-jdk8\2.9.7\jackson-datatype-jdk8-2.9.7.jar;D:\my_maven_local_repository\com\fasterxml\jackson\datatype\jackson-datatype-jsr310\2.9.7\jackson-datatype-jsr310-2.9.7.jar;D:\my_maven_local_repository\com\fasterxml\jackson\module\jackson-module-parameter-names\2.9.7\jackson-module-parameter-names-2.9.7.jar;D:\my_maven_local_repository\org\springframework\boot\spring-boot-starter-tomcat\2.0.4.RELEASE\spring-boot-starter-tomcat-2.0.4.RELEASE.jar;D:\my_maven_local_repository\org\apache\tomcat\embed\tomcat-embed-core\8.5.32\tomcat-embed-core-8.5.32.jar;D:\my_maven_local_repository\org\apache\tomcat\embed\tomcat-embed-el\8.5.32\tomcat-embed-el-8.5.32.jar;D:\my_maven_local_repository\org\apache\tomcat\embed\tomcat-embed-websocket\8.5.32\tomcat-embed-websocket-8.5.32.jar;D:\my_maven_local_repository\org\hibernate\validator\hibernate-validator\6.0.11.Final\hibernate-validator-6.0.11.Final.jar;D:\my_maven_local_repository\javax\validation\validation-api\2.0.1.Final\validation-api-2.0.1.Final.jar;D:\my_maven_local_repository\org\jboss\logging\jboss-logging\3.3.2.Final\jboss-logging-3.3.2.Final.jar;D:\my_maven_local_repository\com\fasterxml\classmate\1.3.4\classmate-1.3.4.jar;D:\my_maven_local_repository\org\springframework\spring-web\5.0.8.RELEASE\spring-web-5.0.8.RELEASE.jar;D:\my_maven_local_repository\org\springframework\spring-beans\5.0.8.RELEASE\spring-beans-5.0.8.RELEASE.jar;D:\my_maven_local_repository\org\springframework\spring-webmvc\5.0.6.RELEASE\spring-webmvc-5.0.6.RELEASE.jar;D:\my_maven_local_repository\org\springframework\spring-aop\5.0.8.RELEASE\spring-aop-5.0.8.RELEASE.jar;D:\my_maven_local_repository\org\springframework\spring-context\5.0.8.RELEASE\spring-context-5.0.8.RELEASE.jar;D:\my_maven_local_repository\org\springframework\spring-expression\5.0.8.RELEASE\spring-expression-5.0.8.RELEASE.jar;D:\my_maven_local_repository\org\springframework\cloud\spring-cloud-starter-netflix-eureka-client\2.0.0.RELEASE\spring-cloud-starter-netflix-eureka-client-2.0.0.RELEASE.jar;D:\my_maven_local_repository\org\springframework\cloud\spring-cloud-starter\2.0.0.RELEASE\spring-cloud-starter-2.0.0.RELEASE.jar;D:\my_maven_local_repository\org\springframework\cloud\spring-cloud-context\2.0.0.RELEASE\spring-cloud-context-2.0.0.RELEASE.jar;D:\my_maven_local_repository\org\springframework\security\spring-security-rsa\1.0.5.RELEASE\spring-security-rsa-1.0.5.RELEASE.jar;D:\my_maven_local_repository\org\bouncycastle\bcpkix-jdk15on\1.56\bcpkix-jdk15on-1.56.jar;D:\my_maven_local_repository\org\bouncycastle\bcprov-jdk15on\1.56\bcprov-jdk15on-1.56.jar;D:\my_maven_local_repository\org\springframework\cloud\spring-cloud-netflix-core\2.0.0.RELEASE\spring-cloud-netflix-core-2.0.0.RELEASE.jar;D:\my_maven_local_repository\org\springframework\boot\spring-boot-starter-aop\2.0.4.RELEASE\spring-boot-starter-aop-2.0.4.RELEASE.jar;D:\my_maven_local_repository\org\aspectj\aspectjweaver\1.8.13\aspectjweaver-1.8.13.jar;D:\my_maven_local_repository\org\springframework\cloud\spring-cloud-netflix-eureka-client\2.0.0.RELEASE\spring-cloud-netflix-eureka-client-2.0.0.RELEASE.jar;D:\my_maven_local_repository\com\netflix\eureka\eureka-client\1.9.2\eureka-client-1.9.2.jar;D:\my_maven_local_repository\org\codehaus\jettison\jettison\1.3.7\jettison-1.3.7.jar;D:\my_maven_local_repository\stax\stax-api\1.0.1\stax-api-1.0.1.jar;D:\my_maven_local_repository\com\netflix\netflix-commons\netflix-eventbus\0.3.0\netflix-eventbus-0.3.0.jar;D:\my_maven_local_repository\com\netflix\netflix-commons\netflix-infix\0.3.0\netflix-infix-0.3.0.jar;D:\my_maven_local_repository\commons-jxpath\commons-jxpath\1.3\commons-jxpath-1.3.jar;D:\my_maven_local_repository\org\antlr\antlr-runtime\3.4\antlr-runtime-3.4.jar;D:\my_maven_local_repository\org\antlr\stringtemplate\3.2.1\stringtemplate-3.2.1.jar;D:\my_maven_local_repository\antlr\antlr\2.7.7\antlr-2.7.7.jar;D:\my_maven_local_repository\com\google\code\gson\gson\2.8.5\gson-2.8.5.jar;D:\my_maven_local_repository\org\apache\commons\commons-math\2.2\commons-math-2.2.jar;D:\my_maven_local_repository\com\netflix\archaius\archaius-core\0.7.6\archaius-core-0.7.6.jar;D:\my_maven_local_repository\com\google\guava\guava\16.0\guava-16.0.jar;D:\my_maven_local_repository\javax\ws\rs\jsr311-api\1.1.1\jsr311-api-1.1.1.jar;D:\my_maven_local_repository\com\netflix\servo\servo-core\0.12.21\servo-core-0.12.21.jar;D:\my_maven_local_repository\com\sun\jersey\jersey-core\1.19.1\jersey-core-1.19.1.jar;D:\my_maven_local_repository\com\sun\jersey\jersey-client\1.19.1\jersey-client-1.19.1.jar;D:\my_maven_local_repository\com\sun\jersey\contribs\jersey-apache-client4\1.19.1\jersey-apache-client4-1.19.1.jar;D:\my_maven_local_repository\org\apache\httpcomponents\httpclient\4.5.6\httpclient-4.5.6.jar;D:\my_maven_local_repository\org\apache\httpcomponents\httpcore\4.4.10\httpcore-4.4.10.jar;D:\my_maven_local_repository\commons-codec\commons-codec\1.11\commons-codec-1.11.jar;D:\my_maven_local_repository\com\google\inject\guice\4.1.0\guice-4.1.0.jar;D:\my_maven_local_repository\javax\inject\javax.inject\1\javax.inject-1.jar;D:\my_maven_local_repository\aopalliance\aopalliance\1.0\aopalliance-1.0.jar;D:\my_maven_local_repository\com\github\vlsi\compactmap\compactmap\1.2.1\compactmap-1.2.1.jar;D:\my_maven_local_repository\com\github\andrewoma\dexx\dexx-collections\0.2\dexx-collections-0.2.jar;D:\my_maven_local_repository\com\fasterxml\jackson\core\jackson-annotations\2.9.7\jackson-annotations-2.9.7.jar;D:\my_maven_local_repository\com\fasterxml\jackson\core\jackson-core\2.9.7\jackson-core-2.9.7.jar;D:\my_maven_local_repository\com\netflix\eureka\eureka-core\1.9.2\eureka-core-1.9.2.jar;D:\my_maven_local_repository\org\codehaus\woodstox\woodstox-core-asl\4.4.1\woodstox-core-asl-4.4.1.jar;D:\my_maven_local_repository\javax\xml\stream\stax-api\1.0-2\stax-api-1.0-2.jar;D:\my_maven_local_repository\org\codehaus\woodstox\stax2-api\3.1.4\stax2-api-3.1.4.jar;D:\my_maven_local_repository\org\springframework\cloud\spring-cloud-starter-netflix-archaius\2.0.0.RELEASE\spring-cloud-starter-netflix-archaius-2.0.0.RELEASE.jar;D:\my_maven_local_repository\org\springframework\cloud\spring-cloud-netflix-ribbon\2.0.0.RELEASE\spring-cloud-netflix-ribbon-2.0.0.RELEASE.jar;D:\my_maven_local_repository\org\springframework\cloud\spring-cloud-netflix-archaius\2.0.0.RELEASE\spring-cloud-netflix-archaius-2.0.0.RELEASE.jar;D:\my_maven_local_repository\commons-configuration\commons-configuration\1.8\commons-configuration-1.8.jar;D:\my_maven_local_repository\commons-lang\commons-lang\2.6\commons-lang-2.6.jar;D:\my_maven_local_repository\org\springframework\cloud\spring-cloud-starter-netflix-ribbon\2.0.0.RELEASE\spring-cloud-starter-netflix-ribbon-2.0.0.RELEASE.jar;D:\my_maven_local_repository\com\netflix\ribbon\ribbon\2.2.5\ribbon-2.2.5.jar;D:\my_maven_local_repository\com\netflix\ribbon\ribbon-transport\2.2.5\ribbon-transport-2.2.5.jar;D:\my_maven_local_repository\io\reactivex\rxnetty-contexts\0.4.9\rxnetty-contexts-0.4.9.jar;D:\my_maven_local_repository\io\reactivex\rxnetty-servo\0.4.9\rxnetty-servo-0.4.9.jar;D:\my_maven_local_repository\io\reactivex\rxnetty\0.4.9\rxnetty-0.4.9.jar;D:\my_maven_local_repository\io\netty\netty-transport-native-epoll\4.1.27.Final\netty-transport-native-epoll-4.1.27.Final.jar;D:\my_maven_local_repository\io\netty\netty-transport-native-unix-common\4.1.27.Final\netty-transport-native-unix-common-4.1.27.Final.jar;D:\my_maven_local_repository\com\netflix\ribbon\ribbon-core\2.2.5\ribbon-core-2.2.5.jar;D:\my_maven_local_repository\com\netflix\ribbon\ribbon-httpclient\2.2.5\ribbon-httpclient-2.2.5.jar;D:\my_maven_local_repository\commons-collections\commons-collections\3.2.2\commons-collections-3.2.2.jar;D:\my_maven_local_repository\com\netflix\netflix-commons\netflix-commons-util\0.3.0\netflix-commons-util-0.3.0.jar;D:\my_maven_local_repository\com\netflix\ribbon\ribbon-loadbalancer\2.2.5\ribbon-loadbalancer-2.2.5.jar;D:\my_maven_local_repository\com\netflix\netflix-commons\netflix-statistics\0.1.1\netflix-statistics-0.1.1.jar;D:\my_maven_local_repository\io\reactivex\rxjava\1.3.8\rxjava-1.3.8.jar;D:\my_maven_local_repository\com\netflix\ribbon\ribbon-eureka\2.2.5\ribbon-eureka-2.2.5.jar;D:\my_maven_local_repository\org\slf4j\slf4j-api\1.7.25\slf4j-api-1.7.25.jar;D:\my_maven_local_repository\com\thoughtworks\xstream\xstream\1.4.10\xstream-1.4.10.jar;D:\my_maven_local_repository\xmlpull\xmlpull\1.1.3.1\xmlpull-1.1.3.1.jar;D:\my_maven_local_repository\xpp3\xpp3_min\1.1.4c\xpp3_min-1.1.4c.jar;D:\my_maven_local_repository\org\springframework\cloud\spring-cloud-starter-openfeign\2.0.0.RELEASE\spring-cloud-starter-openfeign-2.0.0.RELEASE.jar;D:\my_maven_local_repository\org\springframework\cloud\spring-cloud-openfeign-core\2.0.0.RELEASE\spring-cloud-openfeign-core-2.0.0.RELEASE.jar;D:\my_maven_local_repository\org\springframework\cloud\spring-cloud-commons\2.0.0.RELEASE\spring-cloud-commons-2.0.0.RELEASE.jar;D:\my_maven_local_repository\org\springframework\security\spring-security-crypto\5.1.0.RELEASE\spring-security-crypto-5.1.0.RELEASE.jar;D:\my_maven_local_repository\io\github\openfeign\feign-core\9.5.1\feign-core-9.5.1.jar;D:\my_maven_local_repository\io\github\openfeign\feign-slf4j\9.5.1\feign-slf4j-9.5.1.jar;D:\my_maven_local_repository\io\github\openfeign\feign-hystrix\9.5.1\feign-hystrix-9.5.1.jar;D:\my_maven_local_repository\com\netflix\hystrix\hystrix-core\1.5.12\hystrix-core-1.5.12.jar;D:\my_maven_local_repository\org\hdrhistogram\HdrHistogram\2.1.9\HdrHistogram-2.1.9.jar;D:\my_maven_local_repository\io\github\openfeign\feign-java8\9.5.1\feign-java8-9.5.1.jar;D:\my_maven_local_repository\org\springframework\boot\spring-boot-starter-amqp\2.1.0.M4\spring-boot-starter-amqp-2.1.0.M4.jar;D:\my_maven_local_repository\org\springframework\spring-messaging\5.0.8.RELEASE\spring-messaging-5.0.8.RELEASE.jar;D:\my_maven_local_repository\org\springframework\amqp\spring-rabbit\2.0.5.RELEASE\spring-rabbit-2.0.5.RELEASE.jar;D:\my_maven_local_repository\org\springframework\amqp\spring-amqp\2.0.5.RELEASE\spring-amqp-2.0.5.RELEASE.jar;D:\my_maven_local_repository\com\rabbitmq\amqp-client\5.1.2\amqp-client-5.1.2.jar;D:\my_maven_local_repository\org\springframework\spring-tx\5.0.8.RELEASE\spring-tx-5.0.8.RELEASE.jar;D:\my_maven_local_repository\org\springframework\retry\spring-retry\1.2.2.RELEASE\spring-retry-1.2.2.RELEASE.jar;D:\my_maven_local_repository\org\springframework\boot\spring-boot-starter-data-elasticsearch\2.0.4.RELEASE\spring-boot-starter-data-elasticsearch-2.0.4.RELEASE.jar;D:\my_maven_local_repository\org\springframework\data\spring-data-elasticsearch\3.0.9.RELEASE\spring-data-elasticsearch-3.0.9.RELEASE.jar;D:\my_maven_local_repository\org\springframework\data\spring-data-commons\2.0.9.RELEASE\spring-data-commons-2.0.9.RELEASE.jar;D:\my_maven_local_repository\joda-time\joda-time\2.9.9\joda-time-2.9.9.jar;D:\my_maven_local_repository\org\elasticsearch\client\transport\5.6.10\transport-5.6.10.jar;D:\my_maven_local_repository\org\elasticsearch\elasticsearch\5.6.10\elasticsearch-5.6.10.jar;D:\my_maven_local_repository\org\apache\lucene\lucene-core\6.6.1\lucene-core-6.6.1.jar;D:\my_maven_local_repository\org\apache\lucene\lucene-analyzers-common\6.6.1\lucene-analyzers-common-6.6.1.jar;D:\my_maven_local_repository\org\apache\lucene\lucene-backward-codecs\6.6.1\lucene-backward-codecs-6.6.1.jar;D:\my_maven_local_repository\org\apache\lucene\lucene-grouping\6.6.1\lucene-grouping-6.6.1.jar;D:\my_maven_local_repository\org\apache\lucene\lucene-highlighter\6.6.1\lucene-highlighter-6.6.1.jar;D:\my_maven_local_repository\org\apache\lucene\lucene-join\6.6.1\lucene-join-6.6.1.jar;D:\my_maven_local_repository\org\apache\lucene\lucene-memory\6.6.1\lucene-memory-6.6.1.jar;D:\my_maven_local_repository\org\apache\lucene\lucene-misc\6.6.1\lucene-misc-6.6.1.jar;D:\my_maven_local_repository\org\apache\lucene\lucene-queries\6.6.1\lucene-queries-6.6.1.jar;D:\my_maven_local_repository\org\apache\lucene\lucene-queryparser\6.6.1\lucene-queryparser-6.6.1.jar;D:\my_maven_local_repository\org\apache\lucene\lucene-sandbox\6.6.1\lucene-sandbox-6.6.1.jar;D:\my_maven_local_repository\org\apache\lucene\lucene-spatial\6.6.1\lucene-spatial-6.6.1.jar;D:\my_maven_local_repository\org\apache\lucene\lucene-spatial-extras\6.6.1\lucene-spatial-extras-6.6.1.jar;D:\my_maven_local_repository\org\apache\lucene\lucene-spatial3d\6.6.1\lucene-spatial3d-6.6.1.jar;D:\my_maven_local_repository\org\apache\lucene\lucene-suggest\6.6.1\lucene-suggest-6.6.1.jar;D:\my_maven_local_repository\org\elasticsearch\securesm\1.2\securesm-1.2.jar;D:\my_maven_local_repository\net\sf\jopt-simple\jopt-simple\5.0.2\jopt-simple-5.0.2.jar;D:\my_maven_local_repository\com\carrotsearch\hppc\0.7.1\hppc-0.7.1.jar;D:\my_maven_local_repository\com\fasterxml\jackson\dataformat\jackson-dataformat-smile\2.9.7\jackson-dataformat-smile-2.9.7.jar;D:\my_maven_local_repository\com\fasterxml\jackson\dataformat\jackson-dataformat-yaml\2.9.7\jackson-dataformat-yaml-2.9.7.jar;D:\my_maven_local_repository\com\fasterxml\jackson\dataformat\jackson-dataformat-cbor\2.9.7\jackson-dataformat-cbor-2.9.7.jar;D:\my_maven_local_repository\com\tdunning\t-digest\3.0\t-digest-3.0.jar;D:\my_maven_local_repository\org\elasticsearch\plugin\reindex-client\5.6.10\reindex-client-5.6.10.jar;D:\my_maven_local_repository\org\elasticsearch\client\elasticsearch-rest-client\5.6.10\elasticsearch-rest-client-5.6.10.jar;D:\my_maven_local_repository\org\apache\httpcomponents\httpasyncclient\4.1.3\httpasyncclient-4.1.3.jar;D:\my_maven_local_repository\org\apache\httpcomponents\httpcore-nio\4.4.10\httpcore-nio-4.4.10.jar;D:\my_maven_local_repository\org\elasticsearch\plugin\lang-mustache-client\5.6.10\lang-mustache-client-5.6.10.jar;D:\my_maven_local_repository\com\github\spullara\mustache\java\compiler\0.9.3\compiler-0.9.3.jar;D:\my_maven_local_repository\org\elasticsearch\plugin\percolator-client\5.6.10\percolator-client-5.6.10.jar;D:\my_maven_local_repository\org\elasticsearch\plugin\parent-join-client\5.6.10\parent-join-client-5.6.10.jar;D:\my_maven_local_repository\org\elasticsearch\plugin\transport-netty4-client\5.6.10\transport-netty4-client-5.6.10.jar;D:\my_maven_local_repository\io\netty\netty-buffer\4.1.27.Final\netty-buffer-4.1.27.Final.jar;D:\my_maven_local_repository\io\netty\netty-codec\4.1.27.Final\netty-codec-4.1.27.Final.jar;D:\my_maven_local_repository\io\netty\netty-codec-http\4.1.27.Final\netty-codec-http-4.1.27.Final.jar;D:\my_maven_local_repository\io\netty\netty-common\4.1.27.Final\netty-common-4.1.27.Final.jar;D:\my_maven_local_repository\io\netty\netty-handler\4.1.27.Final\netty-handler-4.1.27.Final.jar;D:\my_maven_local_repository\io\netty\netty-resolver\4.1.27.Final\netty-resolver-4.1.27.Final.jar;D:\my_maven_local_repository\io\netty\netty-transport\4.1.27.Final\netty-transport-4.1.27.Final.jar;D:\my_maven_local_repository\org\locationtech\spatial4j\spatial4j\0.6\spatial4j-0.6.jar;D:\my_maven_local_repository\com\vividsolutions\jts\1.13\jts-1.13.jar;D:\my_maven_local_repository\org\apache\logging\log4j\log4j-api\2.10.0\log4j-api-2.10.0.jar;D:\my_maven_local_repository\org\elasticsearch\jna\4.4.0-1\jna-4.4.0-1.jar;D:\my_maven_local_repository\org\springframework\boot\spring-boot-starter-test\2.0.4.RELEASE\spring-boot-starter-test-2.0.4.RELEASE.jar;D:\my_maven_local_repository\org\springframework\boot\spring-boot-test\2.0.4.RELEASE\spring-boot-test-2.0.4.RELEASE.jar;D:\my_maven_local_repository\org\springframework\boot\spring-boot-test-autoconfigure\2.0.4.RELEASE\spring-boot-test-autoconfigure-2.0.4.RELEASE.jar;D:\my_maven_local_repository\com\jayway\jsonpath\json-path\2.4.0\json-path-2.4.0.jar;D:\my_maven_local_repository\net\minidev\json-smart\2.3\json-smart-2.3.jar;D:\my_maven_local_repository\net\minidev\accessors-smart\1.2\accessors-smart-1.2.jar;D:\my_maven_local_repository\org\ow2\asm\asm\5.0.4\asm-5.0.4.jar;D:\my_maven_local_repository\junit\junit\4.12\junit-4.12.jar;D:\my_maven_local_repository\org\assertj\assertj-core\3.9.1\assertj-core-3.9.1.jar;D:\my_maven_local_repository\org\mockito\mockito-core\2.15.0\mockito-core-2.15.0.jar;D:\my_maven_local_repository\net\bytebuddy\byte-buddy\1.7.11\byte-buddy-1.7.11.jar;D:\my_maven_local_repository\net\bytebuddy\byte-buddy-agent\1.7.11\byte-buddy-agent-1.7.11.jar;D:\my_maven_local_repository\org\objenesis\objenesis\2.6\objenesis-2.6.jar;D:\my_maven_local_repository\org\hamcrest\hamcrest-core\1.3\hamcrest-core-1.3.jar;D:\my_maven_local_repository\org\hamcrest\hamcrest-library\1.3\hamcrest-library-1.3.jar;D:\my_maven_local_repository\org\skyscreamer\jsonassert\1.5.0\jsonassert-1.5.0.jar;D:\my_maven_local_repository\com\vaadin\external\google\android-json\0.0.20131108.vaadin1\android-json-0.0.20131108.vaadin1.jar;D:\my_maven_local_repository\org\springframework\spring-core\5.0.8.RELEASE\spring-core-5.0.8.RELEASE.jar;D:\my_maven_local_repository\org\springframework\spring-jcl\5.0.8.RELEASE\spring-jcl-5.0.8.RELEASE.jar;D:\my_maven_local_repository\org\springframework\spring-test\5.0.8.RELEASE\spring-test-5.0.8.RELEASE.jar;D:\my_maven_local_repository\org\xmlunit\xmlunit-core\2.5.1\xmlunit-core-2.5.1.jar;D:\my_maven_local_repository\org\projectlombok\lombok\1.16.20\lombok-1.16.20.jar;E:\myproject\legou\legou-master\legou-item\legou-item-interface\target\legou-item-interface-1.0-SNAPSHOT.jar;D:\my_maven_local_repository\javax\persistence\persistence-api\1.0\persistence-api-1.0.jar;E:\myproject\legou\legou-master\legou-common\target\legou-common-1.0-SNAPSHOT.jar;D:\my_maven_local_repository\org\apache\commons\commons-lang3\3.7\commons-lang3-3.7.jar;, user.name=wangk, java.vm.specification.version=1.8, sun.java.command=C:\Users\wangk\AppData\Local\Temp\surefire7592999660706646784\surefirebooter1537269134038626286.jar C:\Users\wangk\AppData\Local\Temp\surefire7592999660706646784 2019-02-07T18-21-01_780-jvmRun1 surefire182316292769169525tmp surefire_03062366977697153132tmp, java.home=D:\jdk\jdk1.8\jre, sun.arch.data.model=64, user.language=zh, java.specification.vendor=Oracle Corporation, awt.toolkit=sun.awt.windows.WToolkit, java.vm.info=mixed mode, java.version=1.8.0_191, java.ext.dirs=D:\jdk\jdk1.8\jre\lib\ext;C:\WINDOWS\Sun\Java\lib\ext, sun.boot.class.path=D:\jdk\jdk1.8\jre\lib\resources.jar;D:\jdk\jdk1.8\jre\lib\rt.jar;D:\jdk\jdk1.8\jre\lib\sunrsasign.jar;D:\jdk\jdk1.8\jre\lib\jsse.jar;D:\jdk\jdk1.8\jre\lib\jce.jar;D:\jdk\jdk1.8\jre\lib\charsets.jar;D:\jdk\jdk1.8\jre\lib\jfr.jar;D:\jdk\jdk1.8\jre\classes, java.vendor=Oracle Corporation, localRepository=D:\my_maven_local_repository, file.separator=\, java.vendor.url.bug=http://bugreport.sun.com/bugreport/, sun.io.unicode.encoding=UnicodeLittle, sun.cpu.endian=little, sun.desktop=windows, sun.cpu.isalist=amd64}}, SystemEnvironmentPropertySource@900636745 {name='systemEnvironment', properties={PATH=D:\xshell\installfile\;C:\Program Files\Java\jdk1.8.0_191\bin;C:\Program Files (x86)\Common Files\Oracle\Java\javapath;C:\WINDOWS\system32;C:\WINDOWS;C:\WINDOWS\System32\Wbem;C:\WINDOWS\System32\WindowsPowerShell\v1.0\;C:\Program Files\Intel\WiFi\bin\;C:\Program Files\Common Files\Intel\WirelessCommon\;C:\WINDOWS\System32\OpenSSH\;D:\apache-maven-3.6.0\bin;D:\mysql\mysql-5.6.42-winx64\bin;D:\git\installfile\Git\cmd;D:\node\installfile\;C:\Users\wangk\AppData\Local\Microsoft\WindowsApps;C:\Users\wangk\AppData\Roaming\npm, USERDOMAIN_ROAMINGPROFILE=WANGWSPC, LOCALAPPDATA=C:\Users\wangk\AppData\Local, PROCESSOR_LEVEL=6, SYSTEMDRIVE=C:, COMMONPROGRAMFILES(X86)=C:\Program Files (x86)\Common Files, USERDOMAIN=WANGWSPC, FPS_BROWSER_APP_PROFILE_STRING=Internet Explorer, LOGONSERVER=\\WANGWSPC, JAVA_HOME=C:\Program Files\Java\jdk1.8.0_191, PROMPT=$P$G, SESSIONNAME=Console, ALLUSERSPROFILE=C:\ProgramData, PROGRAMFILES(X86)=C:\Program Files (x86), PROCESSOR_ARCHITECTURE=AMD64, DRIVERDATA=C:\Windows\System32\Drivers\DriverData, MAVEN_OPTS=-Xms128m -Xmx512m, =E:=E:\myproject\legou\legou-master\legou-search, MAVEN_HOME=D:\apache-maven-3.6.0, PROGRAMFILES=C:\Program Files, APPDATA=C:\Users\wangk\AppData\Roaming, PSMODULEPATH=C:\Program Files\WindowsPowerShell\Modules;C:\WINDOWS\system32\WindowsPowerShell\v1.0\Modules, PROGRAMW6432=C:\Program Files, PROGRAMDATA=C:\ProgramData, SYSTEMROOT=C:\WINDOWS, USERNAME=wangk, FPS_BROWSER_USER_PROFILE_STRING=Default, ONEDRIVE=C:\Users\wangk\OneDrive, CONFIGSETROOT=C:\WINDOWS\ConfigSetRoot, PATHEXT=.COM;.EXE;.BAT;.CMD;.VBS;.VBE;.JS;.JSE;.WSF;.WSH;.MSC, OS=Windows_NT, COMMONPROGRAMW6432=C:\Program Files\Common Files, COMPUTERNAME=WANGWSPC, COMMONPROGRAMFILES=C:\Program Files\Common Files, COMSPEC=C:\WINDOWS\system32\cmd.exe, PROCESSOR_REVISION=8e09, CLASSPATH=.;C:\Program Files\Java\jdk1.8.0_191\lib\dt.jar;C:\Program Files\Java\jdk1.8.0_191\lib\tools.jar, WINDIR=C:\WINDOWS, HOMEPATH=\Users\wangk, TEMP=C:\Users\wangk\AppData\Local\Temp, HOMEDRIVE=C:, PROCESSOR_IDENTIFIER=Intel64 Family 6 Model 142 Stepping 9, GenuineIntel, USERPROFILE=C:\Users\wangk, TMP=C:\Users\wangk\AppData\Local\Temp, PUBLIC=C:\Users\Public, NUMBER_OF_PROCESSORS=4, =::=::\}}]
18:21:16.138 [main] DEBUG org.springframework.test.context.support.TestPropertySourceUtils - Adding inlined properties to environment: {spring.jmx.enabled=false, org.springframework.boot.test.context.SpringBootTestContextBootstrapper=true, server.port=-1}
18:21:16.139 [main] DEBUG org.springframework.core.env.StandardEnvironment - Adding PropertySource 'Inlined Test Properties' with highest search precedence
2019-02-07 18:21:17.252  INFO 10972 --- [           main] s.c.a.AnnotationConfigApplicationContext : Refreshing org.springframework.context.annotation.AnnotationConfigApplicationContext@589da3f3: startup date [Thu Feb 07 18:21:17 CST 2019]; root of context hierarchy
2019-02-07 18:21:17.814  INFO 10972 --- [           main] f.a.AutowiredAnnotationBeanPostProcessor : JSR-330 'javax.inject.Inject' annotation found and supported for autowiring
2019-02-07 18:21:17.868  INFO 10972 --- [           main] trationDelegate$BeanPostProcessorChecker : Bean 'configurationPropertiesRebinderAutoConfiguration' of type [org.springframework.cloud.autoconfigure.ConfigurationPropertiesRebinderAutoConfiguration$$EnhancerBySpringCGLIB$$def8fd48] is not eligible for getting processed by all BeanPostProcessors (for example: not eligible for auto-proxying)

  .   ____          _            __ _ _
 /\\ / ___'_ __ _ _(_)_ __  __ _ \ \ \ \
( ( )\___ | '_ | '_| | '_ \/ _` | \ \ \ \
 \\/  ___)| |_)| | | | | || (_| |  ) ) ) )
  '  |____| .__|_| |_|_| |_\__, | / / / /
 =========|_|==============|___/=/_/_/_/
 :: Spring Boot ::        (v2.0.4.RELEASE)

2019-02-07 18:21:18.383  INFO 10972 --- [           main] cn.wangkf.client.ElasticsearchTest       : No active profile set, falling back to default profiles: default
2019-02-07 18:21:18.387  INFO 10972 --- [           main] o.s.w.c.s.GenericWebApplicationContext   : Refreshing org.springframework.web.context.support.GenericWebApplicationContext@39dcf4b0: startup date [Thu Feb 07 18:21:18 CST 2019]; parent: org.springframework.context.annotation.AnnotationConfigApplicationContext@589da3f3
2019-02-07 18:21:18.976  INFO 10972 --- [           main] o.s.b.f.s.DefaultListableBeanFactory     : Overriding alias 'item-serviceFeignClient' definition for registered name 'cn.wangkf.client.BrandClient' with new target name 'cn.wangkf.client.CategoryClient'
2019-02-07 18:21:18.976  INFO 10972 --- [           main] o.s.b.f.s.DefaultListableBeanFactory     : Overriding alias 'item-serviceFeignClient' definition for registered name 'cn.wangkf.client.CategoryClient' with new target name 'cn.wangkf.client.GoodsClient'
2019-02-07 18:21:18.977  INFO 10972 --- [           main] o.s.b.f.s.DefaultListableBeanFactory     : Overriding alias 'item-serviceFeignClient' definition for registered name 'cn.wangkf.client.GoodsClient' with new target name 'cn.wangkf.client.SpecClient'
2019-02-07 18:21:18.978  INFO 10972 --- [           main] o.s.b.f.s.DefaultListableBeanFactory     : Overriding alias 'item-serviceFeignClient' definition for registered name 'cn.wangkf.client.SpecClient' with new target name 'cn.wangkf.client.SpuClient'
2019-02-07 18:21:19.743  INFO 10972 --- [           main] o.s.cloud.context.scope.GenericScope     : BeanFactory id=75895b29-81e7-364a-b0b6-73cb643886f6
2019-02-07 18:21:19.818  INFO 10972 --- [           main] f.a.AutowiredAnnotationBeanPostProcessor : JSR-330 'javax.inject.Inject' annotation found and supported for autowiring
2019-02-07 18:21:19.877  INFO 10972 --- [           main] trationDelegate$BeanPostProcessorChecker : Bean 'org.springframework.amqp.rabbit.annotation.RabbitBootstrapConfiguration' of type [org.springframework.amqp.rabbit.annotation.RabbitBootstrapConfiguration$$EnhancerBySpringCGLIB$$894ab879] is not eligible for getting processed by all BeanPostProcessors (for example: not eligible for auto-proxying)
2019-02-07 18:21:19.979  INFO 10972 --- [           main] trationDelegate$BeanPostProcessorChecker : Bean 'org.springframework.cloud.autoconfigure.ConfigurationPropertiesRebinderAutoConfiguration' of type [org.springframework.cloud.autoconfigure.ConfigurationPropertiesRebinderAutoConfiguration$$EnhancerBySpringCGLIB$$def8fd48] is not eligible for getting processed by all BeanPostProcessors (for example: not eligible for auto-proxying)
2019-02-07 18:21:20.063  INFO 10972 --- [           main] s.c.a.AnnotationConfigApplicationContext : Refreshing FeignContext-item-service: startup date [Thu Feb 07 18:21:20 CST 2019]; parent: org.springframework.web.context.support.GenericWebApplicationContext@39dcf4b0
2019-02-07 18:21:20.106  INFO 10972 --- [           main] f.a.AutowiredAnnotationBeanPostProcessor : JSR-330 'javax.inject.Inject' annotation found and supported for autowiring
2019-02-07 18:21:21.020  INFO 10972 --- [           main] o.elasticsearch.plugins.PluginsService   : no modules loaded
2019-02-07 18:21:21.023  INFO 10972 --- [           main] o.elasticsearch.plugins.PluginsService   : loaded plugin [org.elasticsearch.index.reindex.ReindexPlugin]
2019-02-07 18:21:21.023  INFO 10972 --- [           main] o.elasticsearch.plugins.PluginsService   : loaded plugin [org.elasticsearch.join.ParentJoinPlugin]
2019-02-07 18:21:21.023  INFO 10972 --- [           main] o.elasticsearch.plugins.PluginsService   : loaded plugin [org.elasticsearch.percolator.PercolatorPlugin]
2019-02-07 18:21:21.023  INFO 10972 --- [           main] o.elasticsearch.plugins.PluginsService   : loaded plugin [org.elasticsearch.script.mustache.MustachePlugin]
2019-02-07 18:21:21.023  INFO 10972 --- [           main] o.elasticsearch.plugins.PluginsService   : loaded plugin [org.elasticsearch.transport.Netty4Plugin]
2019-02-07 18:21:22.595  INFO 10972 --- [           main] o.s.d.e.c.TransportClientFactoryBean     : Adding transport node : 192.168.248.128:9300
2019-02-07 18:21:24.103 ERROR 10972 --- [           main] .d.e.r.s.AbstractElasticsearchRepository : failed to load elasticsearch nodes : org.elasticsearch.client.transport.NoNodeAvailableException: None of the configured nodes are available: [{#transport#-1}{qACXgjZJRzCxqqPZYgVyKA}{192.168.248.128}{192.168.248.128:9300}]
2019-02-07 18:21:24.539  WARN 10972 --- [           main] c.n.c.sources.URLConfigurationSource     : No URLs will be polled as dynamic configuration sources.
2019-02-07 18:21:24.539  INFO 10972 --- [           main] c.n.c.sources.URLConfigurationSource     : To enable URLs as dynamic configuration sources, define System property archaius.configurationSource.additionalUrls or make config.properties available on classpath.
2019-02-07 18:21:24.550  WARN 10972 --- [           main] c.n.c.sources.URLConfigurationSource     : No URLs will be polled as dynamic configuration sources.
2019-02-07 18:21:24.550  INFO 10972 --- [           main] c.n.c.sources.URLConfigurationSource     : To enable URLs as dynamic configuration sources, define System property archaius.configurationSource.additionalUrls or make config.properties available on classpath.
2019-02-07 18:21:24.713  INFO 10972 --- [           main] o.s.w.s.handler.SimpleUrlHandlerMapping  : Mapped URL path [/**/favicon.ico] onto handler of type [class org.springframework.web.servlet.resource.ResourceHttpRequestHandler]
2019-02-07 18:21:25.192  INFO 10972 --- [           main] s.w.s.m.m.a.RequestMappingHandlerAdapter : Looking for @ControllerAdvice: org.springframework.web.context.support.GenericWebApplicationContext@39dcf4b0: startup date [Thu Feb 07 18:21:18 CST 2019]; parent: org.springframework.context.annotation.AnnotationConfigApplicationContext@589da3f3
2019-02-07 18:21:25.512  INFO 10972 --- [           main] s.w.s.m.m.a.RequestMappingHandlerMapping : Mapped "{[/page],methods=[POST]}" onto public org.springframework.http.ResponseEntity<cn.wangkf.common.vo.PageResult<cn.wangkf.pojo.Goods>> cn.wangkf.controller.SearchController.search(cn.wangkf.bo.SearchRequest)
2019-02-07 18:21:25.516  INFO 10972 --- [           main] s.w.s.m.m.a.RequestMappingHandlerMapping : Mapped "{[/brand/list],methods=[GET]}" onto public abstract java.util.List<cn.wangkf.item.pojo.Brand> cn.wangkf.item.api.BrandApi.queryBrandByIds(java.util.List<java.lang.Long>)
2019-02-07 18:21:25.518  INFO 10972 --- [           main] s.w.s.m.m.a.RequestMappingHandlerMapping : Mapped "{[/category/names],methods=[GET]}" onto public abstract org.springframework.http.ResponseEntity<java.util.List<java.lang.String>> cn.wangkf.item.api.CategoryApi.queryNameByIds(java.util.List<java.lang.Long>)
2019-02-07 18:21:25.519  INFO 10972 --- [           main] s.w.s.m.m.a.RequestMappingHandlerMapping : Mapped "{[/category/all],methods=[GET]}" onto public abstract org.springframework.http.ResponseEntity<java.util.List<cn.wangkf.item.pojo.Category>> cn.wangkf.item.api.CategoryApi.queryCategoryByIds(java.util.List<java.lang.Long>)
2019-02-07 18:21:25.525  INFO 10972 --- [           main] s.w.s.m.m.a.RequestMappingHandlerMapping : Mapped "{[/goods/spu/page],methods=[GET]}" onto public abstract cn.wangkf.common.vo.PageResult<cn.wangkf.item.bo.SpuBo> cn.wangkf.item.api.GoodsApi.querySpuByPage(java.lang.Integer,java.lang.Integer,java.lang.String,java.lang.Boolean,java.lang.String,java.lang.Boolean)
2019-02-07 18:21:25.526  INFO 10972 --- [           main] s.w.s.m.m.a.RequestMappingHandlerMapping : Mapped "{[/goods/spu/{id}],methods=[GET]}" onto public abstract cn.wangkf.item.bo.SpuBo cn.wangkf.item.api.GoodsApi.queryGoodsById(java.lang.Long)
2019-02-07 18:21:25.527  INFO 10972 --- [           main] s.w.s.m.m.a.RequestMappingHandlerMapping : Mapped "{[/goods/sku/list/{id}],methods=[GET]}" onto public abstract java.util.List<cn.wangkf.item.pojo.Sku> cn.wangkf.item.api.GoodsApi.querySkuBySpuId(java.lang.Long)
2019-02-07 18:21:25.527  INFO 10972 --- [           main] s.w.s.m.m.a.RequestMappingHandlerMapping : Mapped "{[/goods/sku/{id}],methods=[GET]}" onto public abstract cn.wangkf.item.pojo.Sku cn.wangkf.item.api.GoodsApi.querySkuById(java.lang.Long)
2019-02-07 18:21:25.527  INFO 10972 --- [           main] s.w.s.m.m.a.RequestMappingHandlerMapping : Mapped "{[/goods/spu/detail/{id}],methods=[GET]}" onto public abstract cn.wangkf.item.pojo.SpuDetail cn.wangkf.item.api.GoodsApi.querySpuDetailBySpuId(java.lang.Long)
2019-02-07 18:21:25.528  INFO 10972 --- [           main] s.w.s.m.m.a.RequestMappingHandlerMapping : Mapped "{[/spec/{id}],methods=[GET]}" onto public abstract org.springframework.http.ResponseEntity<java.lang.String> cn.wangkf.item.api.SpecApi.querySpecificationByCategoryId(java.lang.Long)
2019-02-07 18:21:25.532  INFO 10972 --- [           main] s.w.s.m.m.a.RequestMappingHandlerMapping : Mapped "{[/spu/page],methods=[GET]}" onto public abstract org.springframework.http.ResponseEntity<cn.wangkf.common.vo.PageResult<cn.wangkf.item.bo.SpuBo>> cn.wangkf.item.api.SpuApi.querySpuByPage(java.lang.Integer,java.lang.Integer,java.lang.Boolean,java.lang.Boolean)
2019-02-07 18:21:25.541  INFO 10972 --- [           main] s.w.s.m.m.a.RequestMappingHandlerMapping : Mapped "{[/error]}" onto public org.springframework.http.ResponseEntity<java.util.Map<java.lang.String, java.lang.Object>> org.springframework.boot.autoconfigure.web.servlet.error.BasicErrorController.error(javax.servlet.http.HttpServletRequest)
2019-02-07 18:21:25.545  INFO 10972 --- [           main] s.w.s.m.m.a.RequestMappingHandlerMapping : Mapped "{[/error],produces=[text/html]}" onto public org.springframework.web.servlet.ModelAndView org.springframework.boot.autoconfigure.web.servlet.error.BasicErrorController.errorHtml(javax.servlet.http.HttpServletRequest,javax.servlet.http.HttpServletResponse)
2019-02-07 18:21:25.628  INFO 10972 --- [           main] o.s.w.s.handler.SimpleUrlHandlerMapping  : Mapped URL path [/webjars/**] onto handler of type [class org.springframework.web.servlet.resource.ResourceHttpRequestHandler]
2019-02-07 18:21:25.629  INFO 10972 --- [           main] o.s.w.s.handler.SimpleUrlHandlerMapping  : Mapped URL path [/**] onto handler of type [class org.springframework.web.servlet.resource.ResourceHttpRequestHandler]
2019-02-07 18:21:25.671  INFO 10972 --- [           main] .m.m.a.ExceptionHandlerExceptionResolver : Detected @ExceptionHandler methods in commonExceptionHandler
2019-02-07 18:21:27.117  INFO 10972 --- [           main] o.s.c.support.DefaultLifecycleProcessor  : Starting beans in phase 0
2019-02-07 18:21:27.118  INFO 10972 --- [           main] o.s.c.support.DefaultLifecycleProcessor  : Starting beans in phase 2147483647
2019-02-07 18:21:27.132  INFO 10972 --- [cTaskExecutor-1] o.s.a.r.c.CachingConnectionFactory       : Attempting to connect to: [192.168.248.128:5672]
2019-02-07 18:21:27.217  INFO 10972 --- [cTaskExecutor-1] o.s.a.r.c.CachingConnectionFactory       : Created new connection: rabbitConnectionFactory#18dac12f:0/SimpleConnection@52831a80 [delegate=amqp://legou@192.168.248.128:5672//legou, localPort= 51529]
2019-02-07 18:21:27.315  INFO 10972 --- [           main] cn.wangkf.client.ElasticsearchTest       : Started ElasticsearchTest in 11.141 seconds (JVM running for 12.346)
]]></system-out>
  </testcase>
  <testcase name="testError" classname="cn.wangkf.client.ElasticsearchTest" time="2.873"/>
  <testcase name="testList" classname="cn.wangkf.client.ElasticsearchTest" time="0"/>
  <testcase name="createIndex" classname="cn.wangkf.client.ElasticsearchTest" time="0">
    <error message="None of the configured nodes are available: [{#transport#-1}{qACXgjZJRzCxqqPZYgVyKA}{192.168.248.128}{192.168.248.128:9300}]" type="org.elasticsearch.client.transport.NoNodeAvailableException">org.elasticsearch.client.transport.NoNodeAvailableException: None of the configured nodes are available: [{#transport#-1}{qACXgjZJRzCxqqPZYgVyKA}{192.168.248.128}{192.168.248.128:9300}]
	at cn.wangkf.client.ElasticsearchTest.createIndex(ElasticsearchTest.java:47)
</error>
  </testcase>
  <testcase name="testA" classname="cn.wangkf.client.ElasticsearchTest" time="0.059"/>
  <testcase name="loadData" classname="cn.wangkf.client.ElasticsearchTest" time="0">
    <error message="com.netflix.client.ClientException: Load balancer does not have available server for client: item-service" type="java.lang.RuntimeException">java.lang.RuntimeException: com.netflix.client.ClientException: Load balancer does not have available server for client: item-service
	at cn.wangkf.client.ElasticsearchTest.loadData(ElasticsearchTest.java:59)
Caused by: com.netflix.client.ClientException: Load balancer does not have available server for client: item-service
	at cn.wangkf.client.ElasticsearchTest.loadData(ElasticsearchTest.java:59)
</error>
  </testcase>
</testsuite>